2025-01-03 17:34:38:3438 [35mhttp[39m: [35m::ffff:127.0.0.1 POST /api/v1/auth/webhook/clerk 200 45 - 778.621 ms[39m
2025-01-03 17:38:15:3815 [35mhttp[39m: [35m::ffff:127.0.0.1 POST /api/v1/auth/webhook/clerk 500 35 - 1.796 ms[39m
2025-01-03 17:42:55:4255 [35mhttp[39m: [35m::ffff:127.0.0.1 POST /api/v1/auth/webhook/clerk 200 45 - 840.843 ms[39m
2025-01-03 17:43:26:4326 [35mhttp[39m: [35m::ffff:127.0.0.1 POST /api/v1/auth/webhook/clerk 500 35 - 387.345 ms[39m
2025-01-03 17:48:41:4841 [35mhttp[39m: [35m::ffff:127.0.0.1 POST /api/v1/auth/webhook/clerk 200 45 - 843.145 ms[39m
2025-01-03 17:50:25:5025 [35mhttp[39m: [35m::ffff:127.0.0.1 POST /api/v1/auth/webhook/clerk 200 45 - 386.707 ms[39m
2025-01-03 17:52:44:5244 [35mhttp[39m: [35m::ffff:127.0.0.1 POST /api/v1/auth/webhook/clerk 200 45 - 341.076 ms[39m
2025-01-03 17:53:17:5317 [35mhttp[39m: [35m::ffff:127.0.0.1 POST /api/v1/auth/webhook/clerk 200 45 - 384.342 ms[39m
2025-01-03 17:55:10:5510 [35mhttp[39m: [35m::ffff:127.0.0.1 POST /api/v1/auth/webhook/clerk 200 45 - 1088.660 ms[39m
2025-01-03 17:56:01:561 [35mhttp[39m: [35m::ffff:127.0.0.1 POST /api/v1/auth/webhook/clerk 200 45 - 364.827 ms[39m
2025-01-03 17:57:46:5746 [35mhttp[39m: [35m::ffff:127.0.0.1 POST /api/v1/auth/webhook/clerk 200 45 - 635.053 ms[39m
2025-01-06 16:00:42:042 [35mhttp[39m: [35m::ffff:127.0.0.1 POST /api/v1/auth/webhook/clerk 200 45 - 1556.479 ms[39m
2025-01-06 16:03:03:33 [35mhttp[39m: [35m::ffff:127.0.0.1 POST /api/v1/auth/webhook/clerk 200 45 - 1503.608 ms[39m
2025-01-06 16:03:05:35 [35mhttp[39m: [35m::ffff:127.0.0.1 POST /api/v1/auth/webhook/clerk 200 45 - 69.306 ms[39m
2025-01-06 16:05:50:550 [35mhttp[39m: [35m::ffff:127.0.0.1 POST /api/v1/auth/webhook/clerk 200 45 - 1630.488 ms[39m
2025-01-06 16:05:51:551 [35mhttp[39m: [35m::ffff:127.0.0.1 POST /api/v1/auth/webhook/clerk 200 45 - 64.524 ms[39m
2025-01-06 16:36:36:3636 [35mhttp[39m: [35m::1 GET /api/v1/skills 200 61 - 378.363 ms[39m
2025-01-06 16:43:27:4327 [35mhttp[39m: [35m::1 POST /api/v1/skills 201 265 - 339.598 ms[39m
2025-01-06 16:45:11:4511 [35mhttp[39m: [35m::1 POST /api/v1/skills 201 270 - 351.637 ms[39m
2025-01-06 16:45:47:4547 [35mhttp[39m: [35m::1 POST /api/v1/skills 201 305 - 64.031 ms[39m
2025-01-06 16:46:14:4614 [35mhttp[39m: [35m::1 POST /api/v1/skills 201 262 - 55.756 ms[39m
2025-01-06 16:46:57:4657 [35mhttp[39m: [35m::1 POST /api/v1/skills 201 277 - 57.270 ms[39m
2025-01-06 16:47:29:4729 [35mhttp[39m: [35m::1 POST /api/v1/skills 201 280 - 62.663 ms[39m
2025-01-06 17:12:17:1217 [35mhttp[39m: [35m::1 POST /api/v1/skills/bulk 201 52 - 532.799 ms[39m
2025-01-06 17:45:07:457 [35mhttp[39m: [35m::1 GET /api/v1/skills 200 8234 - 363.436 ms[39m
2025-01-06 18:34:04:344 [35mhttp[39m: [35m::1 GET /auth/v1/skills 404 153 - 9.291 ms[39m
2025-01-06 18:36:04:364 [35mhttp[39m: [35m::1 GET /auth/v1/skills 404 153 - 3.107 ms[39m
2025-01-06 18:36:08:368 [35mhttp[39m: [35m::1 GET /auth/v1/skills 404 153 - 0.632 ms[39m
2025-01-06 18:36:15:3615 [35mhttp[39m: [35m::1 GET /auth/v1/skills 404 153 - 0.692 ms[39m
2025-01-06 18:37:43:3743 [35mhttp[39m: [35m::1 GET /auth/v1/skills 404 153 - 0.601 ms[39m
2025-01-06 18:40:41:4041 [35mhttp[39m: [35m::1 GET /skills 404 145 - 0.654 ms[39m
2025-01-06 18:40:56:4056 [35mhttp[39m: [35m::1 GET /skills 404 145 - 0.351 ms[39m
2025-01-06 18:41:20:4120 [35mhttp[39m: [35m::1 GET / 200 17 - 2.419 ms[39m
2025-01-06 18:41:21:4121 [35mhttp[39m: [35m::1 GET /api/v1/skills 200 8234 - 396.790 ms[39m
2025-01-06 18:41:25:4125 [35mhttp[39m: [35m::1 GET /api/v1/skills 304 - - 35.540 ms[39m
2025-01-06 18:43:26:4326 [35mhttp[39m: [35m::1 GET /api/v1/skills 304 - - 64.713 ms[39m
2025-01-06 19:14:16:1416 [35mhttp[39m: [35m::1 GET /api/v1/skills 304 - - 422.592 ms[39m
2025-01-06 19:14:56:1456 [35mhttp[39m: [35m::1 GET /api/v1/skills 304 - - 70.442 ms[39m
2025-01-06 19:15:08:158 [35mhttp[39m: [35m::1 GET /api/v1/skills 304 - - 38.639 ms[39m
2025-01-06 19:15:22:1522 [35mhttp[39m: [35m::1 GET /api/v1/skills 304 - - 74.323 ms[39m
2025-01-06 19:15:23:1523 [35mhttp[39m: [35m::1 GET /api/v1/skills 304 - - 40.510 ms[39m
2025-01-06 19:15:25:1525 [35mhttp[39m: [35m::1 GET /api/v1/skills 304 - - 43.431 ms[39m
2025-01-06 19:15:41:1541 [35mhttp[39m: [35m::1 GET /api/v1/skills 304 - - 82.868 ms[39m
2025-01-06 19:16:08:168 [35mhttp[39m: [35m::1 GET /api/v1/skills 304 - - 70.366 ms[39m
2025-01-06 19:16:09:169 [35mhttp[39m: [35m::1 GET /api/v1/skills 304 - - 36.425 ms[39m
2025-01-06 19:16:12:1612 [35mhttp[39m: [35m::1 GET /api/v1/skills 304 - - 55.011 ms[39m
2025-01-06 19:16:29:1629 [35mhttp[39m: [35m::1 GET /api/v1/skills 304 - - 72.798 ms[39m
2025-01-06 19:17:03:173 [35mhttp[39m: [35m::1 GET /api/v1/skills 304 - - 73.721 ms[39m
2025-01-06 19:17:04:174 [35mhttp[39m: [35m::1 GET /api/v1/skills 304 - - 39.970 ms[39m
2025-01-06 19:17:06:176 [35mhttp[39m: [35m::1 GET /api/v1/skills 304 - - 57.139 ms[39m
2025-01-06 19:17:19:1719 [35mhttp[39m: [35m::1 GET /api/v1/skills 304 - - 76.086 ms[39m
2025-01-06 19:17:45:1745 [35mhttp[39m: [35m::1 GET /api/v1/skills 304 - - 75.681 ms[39m
2025-01-06 19:17:46:1746 [35mhttp[39m: [35m::1 GET /api/v1/skills 304 - - 37.696 ms[39m
2025-01-06 19:17:48:1748 [35mhttp[39m: [35m::1 GET /api/v1/skills 304 - - 35.267 ms[39m
2025-01-06 19:20:28:2028 [35mhttp[39m: [35m::1 GET /api/v1/skills 304 - - 412.175 ms[39m
2025-01-06 19:20:32:2032 [35mhttp[39m: [35m::1 GET /api/v1/skills 304 - - 29.981 ms[39m
2025-01-06 19:21:28:2128 [35mhttp[39m: [35m::1 GET /api/v1/skills 304 - - 68.317 ms[39m
2025-01-06 19:21:43:2143 [35mhttp[39m: [35m::1 GET /api/v1/skills 304 - - 34.481 ms[39m
2025-01-06 19:24:07:247 [35mhttp[39m: [35m::1 GET /api/v1/skills 304 - - 68.556 ms[39m
2025-01-06 19:24:16:2416 [35mhttp[39m: [35m::1 GET /api/v1/skills 304 - - 35.163 ms[39m
2025-01-06 19:53:47:5347 [35mhttp[39m: [35m::1 GET /api/v1/skills 304 - - 344.176 ms[39m
2025-01-06 19:54:56:5456 [35mhttp[39m: [35m::1 GET /api/v1/skills 304 - - 62.517 ms[39m
2025-01-06 19:59:30:5930 [35mhttp[39m: [35m::1 GET /api/v1/skills 304 - - 357.005 ms[39m
2025-01-06 22:11:41:1141 [35mhttp[39m: [35m::1 GET /api/v1/skills 304 - - 733.282 ms[39m
2025-01-06 22:11:45:1145 [35mhttp[39m: [35m::1 GET /api/v1/skills 304 - - 44.151 ms[39m
2025-01-06 22:15:19:1519 [35mhttp[39m: [35m::1 GET /api/v1/skills 304 - - 129.943 ms[39m
2025-01-06 22:18:46:1846 [35mhttp[39m: [35m::1 GET /api/v1/skills 304 - - 697.444 ms[39m
2025-01-06 22:19:39:1939 [35mhttp[39m: [35m::1 GET /api/v1/skills 304 - - 384.546 ms[39m
2025-01-06 22:19:48:1948 [35mhttp[39m: [35m::1 GET /api/v1/skills 304 - - 38.713 ms[39m
2025-01-06 22:22:17:2217 [35mhttp[39m: [35m::1 GET /api/v1/skills 304 - - 117.512 ms[39m
2025-01-06 23:01:34:134 [35mhttp[39m: [35m::ffff:127.0.0.1 GET /api/v1/skills 200 8234 - 468.646 ms[39m
2025-01-06 23:01:39:139 [35mhttp[39m: [35m::ffff:127.0.0.1 GET /api/v1/skills 200 8234 - 45.396 ms[39m
2025-01-06 23:02:24:224 [35mhttp[39m: [35m::ffff:127.0.0.1 GET /api/v1/skills 200 8234 - 136.785 ms[39m
2025-01-06 23:02:26:226 [35mhttp[39m: [35m::ffff:127.0.0.1 GET /api/v1/skills 200 8234 - 374.389 ms[39m
2025-01-06 23:11:36:1136 [35mhttp[39m: [35m::ffff:127.0.0.1 GET /api/v1/skills 200 8234 - 1308.512 ms[39m
2025-01-07 12:06:46:646 [35mhttp[39m: [35m::1 GET /api/v1/skills 304 - - 579.088 ms[39m
2025-01-07 12:22:12:2212 [35mhttp[39m: [35m::1 GET /api/v1/skills 304 - - 464.498 ms[39m
2025-01-07 12:22:55:2255 [35mhttp[39m: [35m::1 GET /api/v1/skills 304 - - 125.775 ms[39m
2025-01-07 13:04:06:46 [35mhttp[39m: [35m::1 GET /api/v1/skills 304 - - 512.023 ms[39m
2025-01-07 14:28:26:2826 [35mhttp[39m: [35m::1 GET /api/v1/skills 304 - - 375.091 ms[39m
2025-01-07 14:39:57:3957 [35mhttp[39m: [35m::1 GET /api/v1/skills 304 - - 609.399 ms[39m
2025-01-07 14:45:47:4547 [35mhttp[39m: [35m::1 GET /api/v1/skills 304 - - 478.162 ms[39m
2025-01-07 14:47:28:4728 [35mhttp[39m: [35m::1 GET /api/v1/skills 304 - - 67.776 ms[39m
2025-01-07 14:52:50:5250 [35mhttp[39m: [35m::1 GET /api/v1/skills 304 - - 609.515 ms[39m
2025-01-07 14:58:06:586 [35mhttp[39m: [35m::1 GET /api/v1/skills 304 - - 474.361 ms[39m
2025-01-07 14:58:11:5811 [35mhttp[39m: [35m::1 GET /api/v1/skills 304 - - 47.395 ms[39m
2025-01-07 14:59:37:5937 [35mhttp[39m: [35m::1 GET /api/v1/skills 304 - - 87.649 ms[39m
2025-01-07 15:04:01:41 [35mhttp[39m: [35m::1 GET /api/v1/skills 304 - - 362.287 ms[39m
2025-01-07 15:04:57:457 [35mhttp[39m: [35m::1 GET /api/v1/skills 304 - - 66.484 ms[39m
2025-01-07 15:07:45:745 [35mhttp[39m: [35m::1 GET /api/v1/skills 304 - - 70.647 ms[39m
2025-01-07 15:07:46:746 [35mhttp[39m: [35m::1 GET /api/v1/skills 304 - - 53.679 ms[39m
2025-01-07 15:08:37:837 [35mhttp[39m: [35m::1 GET /api/v1/skills 304 - - 103.968 ms[39m
2025-01-07 15:09:16:916 [35mhttp[39m: [35m::1 GET /api/v1/skills 304 - - 490.401 ms[39m
2025-01-07 15:31:55:3155 [35mhttp[39m: [35m::1 GET /api/v1/skills 304 - - 676.338 ms[39m
2025-01-07 15:43:06:436 [35mhttp[39m: [35m::1 GET /api/v1/skills 304 - - 691.520 ms[39m
2025-01-07 15:45:06:456 [35mhttp[39m: [35m::1 GET /api/v1/skills 304 - - 99.544 ms[39m
2025-01-07 15:51:32:5132 [35mhttp[39m: [35m::1 GET /api/v1/skills 304 - - 368.440 ms[39m
2025-01-07 15:58:40:5840 [35mhttp[39m: [35m::1 GET /api/v1/skills 304 - - 481.143 ms[39m
2025-01-07 16:03:15:315 [35mhttp[39m: [35m::1 GET /api/v1/skills 304 - - 76.639 ms[39m
2025-01-07 16:06:27:627 [35mhttp[39m: [35m::1 GET /api/v1/skills 304 - - 505.077 ms[39m
2025-01-07 16:11:30:1130 [35mhttp[39m: [35m::1 GET /api/v1/skills 304 - - 379.247 ms[39m
2025-01-07 16:13:55:1355 [35mhttp[39m: [35m::1 GET /api/v1/skills 304 - - 72.137 ms[39m
2025-01-07 16:13:56:1356 [35mhttp[39m: [35m::1 GET /api/v1/skills 304 - - 37.599 ms[39m
2025-01-07 16:31:15:3115 [35mhttp[39m: [35m::1 GET /api/v1/skills 304 - - 501.731 ms[39m
2025-01-07 16:31:15:3115 [35mhttp[39m: [35m::1 GET /api/v1/skills 304 - - 82.527 ms[39m
2025-01-07 16:47:24:4724 [35mhttp[39m: [35m::1 GET /api/v1/skills 304 - - 456.400 ms[39m
2025-01-07 16:50:41:5041 [35mhttp[39m: [35m::1 GET /api/v1/skills 304 - - 70.084 ms[39m
2025-01-07 17:02:28:228 [35mhttp[39m: [35m::1 GET /api/v1/skills 304 - - 417.227 ms[39m
2025-01-07 17:08:13:813 [35mhttp[39m: [35m::1 GET /api/v1/skills 304 - - 416.894 ms[39m
2025-01-07 17:11:07:117 [35mhttp[39m: [35m::1 GET /api/v1/skills 304 - - 68.132 ms[39m
2025-01-07 18:15:46:1546 [35mhttp[39m: [35m::1 GET /api/v1/skills 304 - - 552.852 ms[39m
2025-01-07 18:26:22:2622 [35mhttp[39m: [35m::1 GET /api/v1/skills 304 - - 454.374 ms[39m
2025-01-07 18:28:03:283 [35mhttp[39m: [35m::1 GET /api/v1/skills 304 - - 62.214 ms[39m
2025-01-07 18:31:19:3119 [35mhttp[39m: [35m::1 GET /api/v1/skills 304 - - 243.303 ms[39m
2025-01-07 18:34:52:3452 [35mhttp[39m: [35m::1 GET /api/v1/skills 304 - - 475.059 ms[39m
2025-01-07 18:34:52:3452 [31merror[39m: [31mRequest failed with status code 401[39m
2025-01-07 18:34:52:3452 [35mhttp[39m: [35m::1 GET /api/v1/repos 500 35 - 526.570 ms[39m
2025-01-07 18:34:52:3452 [31merror[39m: [31mRequest failed with status code 401[39m
2025-01-07 18:34:52:3452 [35mhttp[39m: [35m::1 GET /api/v1/repos 500 35 - 383.517 ms[39m
2025-01-07 18:36:45:3645 [31merror[39m: [31mRequest failed with status code 401[39m
2025-01-07 18:36:45:3645 [35mhttp[39m: [35m::1 GET /api/v1/repos 500 35 - 404.533 ms[39m
2025-01-07 18:37:01:371 [35mhttp[39m: [35m::1 GET /api/v1/repos 200 160999 - 2135.927 ms[39m
2025-01-07 18:37:04:374 [35mhttp[39m: [35m::1 GET /api/v1/skills 304 - - 78.068 ms[39m
2025-01-07 18:37:05:375 [35mhttp[39m: [35m::1 GET /api/v1/repos 304 - - 853.600 ms[39m
2025-01-07 18:37:50:3750 [35mhttp[39m: [35m::1 GET /api/v1/repos 304 - - 660.612 ms[39m
2025-01-07 18:37:54:3754 [35mhttp[39m: [35m::1 GET /api/v1/repos 304 - - 946.999 ms[39m
2025-01-07 18:37:57:3757 [35mhttp[39m: [35m::1 GET /api/v1/skills 304 - - 104.957 ms[39m
2025-01-07 18:37:58:3758 [35mhttp[39m: [35m::1 GET /api/v1/repos 304 - - 734.201 ms[39m
2025-01-07 18:43:13:4313 [35mhttp[39m: [35m::1 GET /api/v1/repos 304 - - 3526.637 ms[39m
2025-01-07 18:43:23:4323 [35mhttp[39m: [35m::1 GET /api/v1/repos 304 - - 1144.614 ms[39m
2025-01-07 18:47:16:4716 [35mhttp[39m: [35m::1 GET /api/v1/repos 304 - - 573.774 ms[39m
2025-01-07 18:47:28:4728 [35mhttp[39m: [35m::1 GET /api/v1/repos 304 - - 819.329 ms[39m
2025-01-07 18:48:38:4838 [35mhttp[39m: [35m::1 GET /api/v1/repos 304 - - 708.377 ms[39m
2025-01-07 18:48:57:4857 [35mhttp[39m: [35m::1 GET /api/v1/repos 304 - - 646.246 ms[39m
2025-01-07 18:49:11:4911 [35mhttp[39m: [35m::1 GET /api/v1/repos 200 15531 - 845.721 ms[39m
2025-01-07 18:51:52:5152 [35mhttp[39m: [35m::1 GET /api/v1/skills 304 - - 1000.388 ms[39m
2025-01-07 18:51:52:5152 [35mhttp[39m: [35m::1 GET /api/v1/repos 304 - - 906.730 ms[39m
2025-01-07 19:04:26:426 [35mhttp[39m: [35m::1 GET /api/v1/repos 304 - - 980.027 ms[39m
2025-01-07 19:04:30:430 [35mhttp[39m: [35m::1 GET /api/v1/skills 304 - - 671.199 ms[39m
2025-01-07 19:04:30:430 [35mhttp[39m: [35m::1 GET /api/v1/repos 304 - - 510.172 ms[39m
2025-01-07 19:05:53:553 [35mhttp[39m: [35m::1 GET /api/v1/repos 304 - - 583.281 ms[39m
2025-01-07 19:05:57:557 [35mhttp[39m: [35m::1 GET /api/v1/skills 304 - - 104.974 ms[39m
2025-01-07 19:05:58:558 [35mhttp[39m: [35m::1 GET /api/v1/repos 304 - - 545.238 ms[39m
2025-01-07 19:06:41:641 [35mhttp[39m: [35m::1 GET /api/v1/repos 304 - - 591.280 ms[39m
2025-01-07 19:06:44:644 [35mhttp[39m: [35m::1 GET /api/v1/repos 304 - - 511.468 ms[39m
2025-01-07 19:06:47:647 [35mhttp[39m: [35m::1 GET /api/v1/skills 304 - - 165.848 ms[39m
2025-01-07 19:06:48:648 [35mhttp[39m: [35m::1 GET /api/v1/repos 304 - - 580.070 ms[39m
2025-01-07 19:07:05:75 [35mhttp[39m: [35m::1 GET /api/v1/repos 304 - - 810.745 ms[39m
2025-01-07 19:07:06:76 [35mhttp[39m: [35m::1 GET /api/v1/repos 304 - - 489.784 ms[39m
2025-01-07 19:07:09:79 [35mhttp[39m: [35m::1 GET /api/v1/skills 304 - - 116.927 ms[39m
2025-01-07 19:07:09:79 [35mhttp[39m: [35m::1 GET /api/v1/repos 304 - - 551.913 ms[39m
2025-01-07 19:07:31:731 [35mhttp[39m: [35m::1 GET /api/v1/repos 304 - - 710.186 ms[39m
2025-01-07 19:07:40:740 [35mhttp[39m: [35m::1 GET /api/v1/repos 304 - - 580.887 ms[39m
2025-01-07 19:07:41:741 [35mhttp[39m: [35m::1 GET /api/v1/repos 304 - - 598.057 ms[39m
2025-01-07 19:07:59:759 [35mhttp[39m: [35m::1 GET /api/v1/skills 304 - - 106.890 ms[39m
2025-01-07 19:08:00:80 [35mhttp[39m: [35m::1 GET /api/v1/repos 304 - - 638.202 ms[39m
2025-01-07 19:09:27:927 [35mhttp[39m: [35m::1 GET /api/v1/repos 304 - - 673.651 ms[39m
2025-01-07 19:09:28:928 [35mhttp[39m: [35m::1 GET /api/v1/repos 304 - - 457.319 ms[39m
2025-01-07 19:09:33:933 [35mhttp[39m: [35m::1 GET /api/v1/skills 304 - - 740.030 ms[39m
2025-01-07 19:09:33:933 [35mhttp[39m: [35m::1 GET /api/v1/repos 304 - - 623.816 ms[39m
2025-01-07 19:09:57:957 [35mhttp[39m: [35m::1 GET /api/v1/repos 304 - - 703.899 ms[39m
2025-01-07 19:09:57:957 [35mhttp[39m: [35m::1 GET /api/v1/repos 304 - - 574.416 ms[39m
2025-01-07 19:10:17:1017 [35mhttp[39m: [35m::1 GET /api/v1/skills 304 - - 195.988 ms[39m
2025-01-07 19:10:18:1018 [35mhttp[39m: [35m::1 GET /api/v1/repos 304 - - 685.209 ms[39m
2025-01-07 19:10:44:1044 [35mhttp[39m: [35m::1 GET /api/v1/repos 304 - - 605.311 ms[39m
2025-01-07 19:18:42:1842 [35mhttp[39m: [35m::1 GET /api/v1/repos 304 - - 1397.741 ms[39m
2025-01-07 19:18:51:1851 [35mhttp[39m: [35m::1 GET /api/v1/skills 304 - - 897.250 ms[39m
2025-01-07 19:18:51:1851 [35mhttp[39m: [35m::1 GET /api/v1/repos 304 - - 640.917 ms[39m
2025-01-07 19:18:55:1855 [35mhttp[39m: [35m::1 GET /api/v1/skills 304 - - 65.593 ms[39m
2025-01-07 19:18:57:1857 [35mhttp[39m: [35m::1 GET /api/v1/repos 304 - - 861.677 ms[39m
2025-01-07 19:19:29:1929 [35mhttp[39m: [35m::1 GET /api/v1/repos 304 - - 714.406 ms[39m
2025-01-07 19:19:31:1931 [35mhttp[39m: [35m::1 GET /api/v1/repos - - - - ms[39m
2025-01-07 19:19:33:1933 [35mhttp[39m: [35m::1 GET /api/v1/skills 304 - - 137.162 ms[39m
2025-01-07 19:19:34:1934 [35mhttp[39m: [35m::1 GET /api/v1/repos 200 15531 - 506.530 ms[39m
2025-01-07 19:19:40:1940 [35mhttp[39m: [35m::1 GET /api/v1/skills 304 - - 35.610 ms[39m
2025-01-07 19:19:41:1941 [35mhttp[39m: [35m::1 GET /api/v1/repos 304 - - 676.929 ms[39m
2025-01-07 19:20:06:206 [35mhttp[39m: [35m::1 GET /api/v1/repos 304 - - 860.365 ms[39m
2025-01-07 19:20:07:207 [35mhttp[39m: [35m::1 GET /api/v1/repos 304 - - 688.322 ms[39m
2025-01-07 19:20:09:209 [35mhttp[39m: [35m::1 GET /api/v1/skills 304 - - 231.813 ms[39m
2025-01-07 19:20:10:2010 [35mhttp[39m: [35m::1 GET /api/v1/repos 304 - - 628.081 ms[39m
2025-01-07 19:21:18:2118 [35mhttp[39m: [35m::1 GET /api/v1/skills 304 - - 178.953 ms[39m
2025-01-07 19:21:19:2119 [35mhttp[39m: [35m::1 GET /api/v1/repos 304 - - 912.697 ms[39m
2025-01-07 19:22:21:2221 [35mhttp[39m: [35m::1 GET /api/v1/repos 304 - - 956.644 ms[39m
2025-01-07 19:22:29:2229 [35mhttp[39m: [35m::1 GET /api/v1/repos 304 - - 850.020 ms[39m
2025-01-07 19:22:39:2239 [35mhttp[39m: [35m::1 GET /api/v1/repos 304 - - 862.559 ms[39m
2025-01-07 19:22:45:2245 [35mhttp[39m: [35m::1 GET /api/v1/repos 304 - - 916.522 ms[39m
2025-01-07 19:30:13:3013 [35mhttp[39m: [35m::1 GET /api/v1/skills 304 - - 514.711 ms[39m
2025-01-07 19:38:37:3837 [35mhttp[39m: [35m::1 GET /api/v1/skills 304 - - 391.193 ms[39m
2025-01-07 19:38:38:3838 [35mhttp[39m: [35m::1 GET /api/v1/repos 304 - - 601.596 ms[39m
2025-01-07 19:38:52:3852 [35mhttp[39m: [35m::1 GET /api/v1/skills 304 - - 66.576 ms[39m
2025-01-07 19:40:20:4020 [35mhttp[39m: [35m::1 GET /api/v1/skills 304 - - 62.628 ms[39m
2025-01-07 19:40:48:4048 [35mhttp[39m: [35m::1 GET /api/v1/skills 304 - - 73.591 ms[39m
2025-01-07 19:41:08:418 [35mhttp[39m: [35m::1 GET /api/v1/skills 304 - - 252.551 ms[39m
2025-01-07 19:41:44:4144 [35mhttp[39m: [35m::1 GET /api/v1/skills 304 - - 116.740 ms[39m
2025-01-07 19:41:56:4156 [35mhttp[39m: [35m::1 GET /api/v1/repos 304 - - 625.511 ms[39m
2025-01-07 19:42:00:420 [35mhttp[39m: [35m::1 GET /api/v1/skills 304 - - 82.451 ms[39m
2025-01-07 19:42:07:427 [35mhttp[39m: [35m::1 GET /api/v1/repos 304 - - 666.818 ms[39m
2025-01-07 19:42:26:4226 [35mhttp[39m: [35m::1 GET /api/v1/skills 304 - - 85.238 ms[39m
2025-01-07 19:42:36:4236 [35mhttp[39m: [35m::1 GET /api/v1/repos 304 - - 541.249 ms[39m
2025-01-07 19:42:50:4250 [35mhttp[39m: [35m::1 GET /api/v1/skills 304 - - 63.238 ms[39m
2025-01-07 19:46:03:463 [35mhttp[39m: [35m::1 GET /api/v1/repos 304 - - 582.957 ms[39m
2025-01-07 19:47:10:4710 [35mhttp[39m: [35m::1 GET /api/v1/skills 304 - - 400.548 ms[39m
2025-01-07 19:47:23:4723 [35mhttp[39m: [35m::1 GET /api/v1/skills 304 - - 58.764 ms[39m
2025-01-07 19:47:32:4732 [35mhttp[39m: [35m::1 GET /api/v1/repos 304 - - 738.984 ms[39m
2025-01-07 19:47:44:4744 [35mhttp[39m: [35m::1 GET /api/v1/skills 304 - - 83.831 ms[39m
2025-01-07 19:50:43:5043 [35mhttp[39m: [35m::1 GET /api/v1/skills 304 - - 63.537 ms[39m
2025-01-07 19:54:05:545 [35mhttp[39m: [35m::1 GET /api/v1/repos - - - - ms[39m
2025-01-07 19:54:08:548 [35mhttp[39m: [35m::1 GET /api/v1/skills 304 - - 423.357 ms[39m
2025-01-07 19:54:08:548 [35mhttp[39m: [35m::1 GET /api/v1/repos 200 15531 - 428.080 ms[39m
2025-01-07 19:54:16:5416 [35mhttp[39m: [35m::1 GET /api/v1/skills 304 - - 51.287 ms[39m
2025-01-07 19:57:11:5711 [35mhttp[39m: [35m::1 GET /api/v1/repos 304 - - 590.331 ms[39m
2025-01-07 20:02:11:211 [35mhttp[39m: [35m::1 GET /api/v1/skills 304 - - 532.865 ms[39m
2025-01-07 20:02:11:211 [35mhttp[39m: [35m::1 GET /api/v1/repos 304 - - 615.094 ms[39m
2025-01-07 21:50:21:5021 [35mhttp[39m: [35m::1 GET /api/v1/repos 304 - - 1224.844 ms[39m
2025-01-07 21:50:35:5035 [35mhttp[39m: [35m::1 GET /api/v1/repos 304 - - 1161.141 ms[39m
2025-01-07 21:51:06:516 [35mhttp[39m: [35m::1 GET /api/v1/repos 304 - - 2204.416 ms[39m
2025-01-07 21:51:07:517 [35mhttp[39m: [35m::1 GET /api/v1/repos 304 - - 672.995 ms[39m
2025-01-07 21:56:14:5614 [35mhttp[39m: [35m::1 GET /api/v1/skills 304 - - 1700.298 ms[39m
2025-01-07 21:56:18:5618 [35mhttp[39m: [35m::1 GET /api/v1/skills 304 - - 119.786 ms[39m
2025-01-07 21:57:56:5756 [35mhttp[39m: [35m::1 GET /api/v1/skills 304 - - 208.388 ms[39m
2025-01-07 21:58:01:581 [35mhttp[39m: [35m::1 GET /api/v1/repos 200 47308 - 4380.849 ms[39m
2025-01-07 22:46:25:4625 [35mhttp[39m: [35m::1 GET /api/v1/repos 304 - - 3759.712 ms[39m
2025-01-07 22:49:14:4914 [35mhttp[39m: [35m::1 GET /api/v1/repos 304 - - 1076.527 ms[39m
